<?xml version="1.0" encoding="UTF-8"?>
<!-- Generated by org.testng.reporters.JUnitXMLReporter -->
<testsuite hostname="UIPSUNRAMA2" ignored="0" name="BankingApp Test" tests="5" failures="5" timestamp="14 Jul 2020 12:54:13 GMT" time="31.4" errors="0">
  <testcase name="loginDDT" time="5.188" classname="com.netbanking.testCases.TC_LoginDDT_002">
    <failure type="junit.framework.AssertionFailedError">
      <![CDATA[junit.framework.AssertionFailedError
at junit.framework.Assert.fail(Assert.java:47)
at junit.framework.Assert.assertTrue(Assert.java:20)
at junit.framework.Assert.assertTrue(Assert.java:27)
at com.netbanking.testCases.TC_LoginDDT_002.loginDDT(TC_LoginDDT_002.java:31)
... Removed 28 stack frames]]>
    </failure>
  </testcase> <!-- loginDDT -->
  <testcase name="loginDDT" time="5.075" classname="com.netbanking.testCases.TC_LoginDDT_002">
    <failure type="junit.framework.AssertionFailedError">
      <![CDATA[junit.framework.AssertionFailedError
at junit.framework.Assert.fail(Assert.java:47)
at junit.framework.Assert.assertTrue(Assert.java:20)
at junit.framework.Assert.assertTrue(Assert.java:27)
at com.netbanking.testCases.TC_LoginDDT_002.loginDDT(TC_LoginDDT_002.java:31)
... Removed 28 stack frames]]>
    </failure>
  </testcase> <!-- loginDDT -->
  <testcase name="loginDDT" time="4.506" classname="com.netbanking.testCases.TC_LoginDDT_002">
    <failure type="junit.framework.AssertionFailedError">
      <![CDATA[junit.framework.AssertionFailedError
at junit.framework.Assert.fail(Assert.java:47)
at junit.framework.Assert.assertTrue(Assert.java:20)
at junit.framework.Assert.assertTrue(Assert.java:27)
at com.netbanking.testCases.TC_LoginDDT_002.loginDDT(TC_LoginDDT_002.java:31)
... Removed 28 stack frames]]>
    </failure>
  </testcase> <!-- loginDDT -->
  <testcase name="loginDDT" time="4.776" classname="com.netbanking.testCases.TC_LoginDDT_002">
    <failure type="junit.framework.AssertionFailedError">
      <![CDATA[junit.framework.AssertionFailedError
at junit.framework.Assert.fail(Assert.java:47)
at junit.framework.Assert.assertTrue(Assert.java:20)
at junit.framework.Assert.assertTrue(Assert.java:27)
at com.netbanking.testCases.TC_LoginDDT_002.loginDDT(TC_LoginDDT_002.java:31)
... Removed 28 stack frames]]>
    </failure>
  </testcase> <!-- loginDDT -->
  <testcase name="loginDDT" time="4.666" classname="com.netbanking.testCases.TC_LoginDDT_002">
    <failure type="junit.framework.AssertionFailedError">
      <![CDATA[junit.framework.AssertionFailedError
at junit.framework.Assert.fail(Assert.java:47)
at junit.framework.Assert.assertTrue(Assert.java:20)
at junit.framework.Assert.assertTrue(Assert.java:27)
at com.netbanking.testCases.TC_LoginDDT_002.loginDDT(TC_LoginDDT_002.java:31)
... Removed 28 stack frames]]>
    </failure>
  </testcase> <!-- loginDDT -->
</testsuite> <!-- BankingApp Test -->
